<?xml version="1.0" encoding="UTF-8"?>
<!-- Generated by org.testng.reporters.JUnitXMLReporter -->
<testsuite ignored="2" hostname="Devashishs-MacBook-Pro.local" failures="0" tests="4" name="hub spot functional test" time="17.629" errors="0" timestamp="21 May 2020 16:14:08 GMT">
  <testcase classname="TestNGSessions.LoginPageTest" name="loginTest" time="7.613"/>
  <testcase classname="TestNGSessions.LoginPageTest" name="verifyLoginPageTitleTest" time="0.135"/>
  <testcase classname="TestNGSessions.LoginPageTest" name="verifySignUpLinkTest" time="0.132"/>
  <testcase classname="TestNGSessions.HomePageTest" name="verifyHomePageTitleTest" time="0.002"/>
  <testcase classname="TestNGSessions.BaseTest" name="@AfterTest tearDown" time="0.0">
    <ignored/>
  </testcase> <!-- @AfterTest tearDown -->
  <testcase classname="TestNGSessions.BaseTest" name="@BeforeTest setup" time="0.0">
    <ignored/>
  </testcase> <!-- @BeforeTest setup -->
</testsuite> <!-- hub spot functional test -->
